Unity Editor version:    2021.3.1f1 (3b70a0754835)
Branch:                  2021.3/staging
Build type:              Release
Batch mode:              YES
macOS version:           Version 12.3.1 (Build 21E258)
Darwin version:          21.4.0
Architecture:            x86_64
Running under Rosetta:   NO
Available memory:        16384 MB
Using pre-set license
Pro License: YES

COMMAND LINE ARGUMENTS:
/Applications/Unity/Hub/Editor/2021.3.1f1/Unity.app/Contents/MacOS/Unity
-adb2
-batchMode
-noUpm
-name
AssetImportWorker0
-projectPath
/Users/Clickman/Development/Unity/Lego
-logFile
Logs/AssetImportWorker0.log
-srvPort
56406
Successfully changed project path to: /Users/Clickman/Development/Unity/Lego
/Users/Clickman/Development/Unity/Lego
[UnityMemory] Configuration Parameters - Can be set up in boot.config
    "memorysetup-bucket-allocator-granularity=16"
    "memorysetup-bucket-allocator-bucket-count=8"
    "memorysetup-bucket-allocator-block-size=33554432"
    "memorysetup-bucket-allocator-block-count=8"
    "memorysetup-main-allocator-block-size=16777216"
    "memorysetup-thread-allocator-block-size=16777216"
    "memorysetup-gfx-main-allocator-block-size=16777216"
    "memorysetup-gfx-thread-allocator-block-size=16777216"
    "memorysetup-cache-allocator-block-size=4194304"
    "memorysetup-typetree-allocator-block-size=2097152"
    "memorysetup-profiler-bucket-allocator-granularity=16"
    "memorysetup-profiler-bucket-allocator-bucket-count=8"
    "memorysetup-profiler-bucket-allocator-block-size=33554432"
    "memorysetup-profiler-bucket-allocator-block-count=8"
    "memorysetup-profiler-allocator-block-size=16777216"
    "memorysetup-profiler-editor-allocator-block-size=1048576"
    "memorysetup-temp-allocator-size-main=16777216"
    "memorysetup-job-temp-allocator-block-size=2097152"
    "memorysetup-job-temp-allocator-block-size-background=1048576"
    "memorysetup-job-temp-allocator-reduction-small-platforms=262144"
    "memorysetup-temp-allocator-size-background-worker=32768"
    "memorysetup-temp-allocator-size-job-worker=262144"
    "memorysetup-temp-allocator-size-preload-manager=33554432"
    "memorysetup-temp-allocator-size-nav-mesh-worker=65536"
    "memorysetup-temp-allocator-size-audio-worker=65536"
    "memorysetup-temp-allocator-size-cloud-worker=32768"
    "memorysetup-temp-allocator-size-gi-baking-worker=262144"
    "memorysetup-temp-allocator-size-gfx=262144"
Refreshing native plugins compatible for Editor in 28.45 ms, found 2 plugins.
Preloading 0 native plugins for Editor in 0.00 ms.
Initialize engine version: 2021.3.1f1 (3b70a0754835)
[Subsystems] Discovering subsystems at path /Applications/Unity/Hub/Editor/2021.3.1f1/Unity.app/Contents/Resources/UnitySubsystems
[Subsystems] Discovering subsystems at path /Users/Clickman/Development/Unity/Lego/Assets
GfxDevice: creating device client; threaded=0; jobified=0
Color LCD preferred device: Intel(R) UHD Graphics 630 (low power)
Metal devices available: 2
0: AMD Radeon Pro 560X (high power)
1: Intel(R) UHD Graphics 630 (low power)
Using device AMD Radeon Pro 560X (high power)
Initializing Metal device caps: AMD Radeon Pro 560X
Initialize mono
Mono path[0] = '/Applications/Unity/Hub/Editor/2021.3.1f1/Unity.app/Contents/Managed'
Mono path[1] = '/Applications/Unity/Hub/Editor/2021.3.1f1/Unity.app/Contents/MonoBleedingEdge/lib/mono/unityjit-macos'
Mono config path = '/Applications/Unity/Hub/Editor/2021.3.1f1/Unity.app/Contents/MonoBleedingEdge/etc'
Using monoOptions --debugger-agent=transport=dt_socket,embedding=1,server=y,suspend=n,address=127.0.0.1:56167
Begin MonoManager ReloadAssembly
Registering precompiled unity dll's ...
Register platform support module: /Applications/Unity/Hub/Editor/2021.3.1f1/PlaybackEngines/WebGLSupport/UnityEditor.WebGL.Extensions.dll
Register platform support module: /Applications/Unity/Hub/Editor/2021.3.1f1/Unity.app/Contents/PlaybackEngines/MacStandaloneSupport/UnityEditor.OSXStandalone.Extensions.dll
Register platform support module: /Applications/Unity/Hub/Editor/2021.3.1f1/PlaybackEngines/AndroidPlayer/UnityEditor.Android.Extensions.dll
Register platform support module: /Applications/Unity/Hub/Editor/2021.3.1f1/PlaybackEngines/iOSSupport/UnityEditor.iOS.Extensions.dll
Register platform support module: /Applications/Unity/Hub/Editor/2021.3.1f1/PlaybackEngines/WindowsStandaloneSupport/UnityEditor.WindowsStandalone.Extensions.dll
Registered in 0.001185 seconds.
Native extension for WindowsStandalone target not found
[usbmuxd] Start listen thread
[usbmuxd] Listen thread started
[usbmuxd] Send listen message
Native extension for iOS target not found
Native extension for Android target not found
Native extension for OSXStandalone target not found
Native extension for WebGL target not found
Refreshing native plugins compatible for Editor in 29.24 ms, found 2 plugins.
Preloading 0 native plugins for Editor in 0.00 ms.
Mono: successfully reloaded assembly
- Completed reload, in  0.773 seconds
Domain Reload Profiling:
	ReloadAssembly (773ms)
		BeginReloadAssembly (99ms)
			ExecutionOrderSort (0ms)
			DisableScriptedObjects (0ms)
			BackupInstance (0ms)
			ReleaseScriptingObjects (0ms)
			CreateAndSetChildDomain (1ms)
		EndReloadAssembly (544ms)
			LoadAssemblies (102ms)
			RebuildTransferFunctionScriptingTraits (0ms)
			SetupTypeCache (135ms)
			ReleaseScriptCaches (0ms)
			RebuildScriptCaches (35ms)
			SetupLoadedEditorAssemblies (318ms)
				LogAssemblyErrors (0ms)
				InitializePlatformSupportModulesInManaged (126ms)
				SetLoadedEditorAssemblies (0ms)
				RefreshPlugins (29ms)
				BeforeProcessingInitializeOnLoad (1ms)
				ProcessInitializeOnLoadAttributes (110ms)
				ProcessInitializeOnLoadMethodAttributes (50ms)
				AfterProcessingInitializeOnLoad (0ms)
				EditorAssembliesLoaded (0ms)
			ExecutionOrderSort2 (0ms)
			AwakeInstancesAfterBackupRestoration (0ms)
Platform modules already initialized, skipping
Registering precompiled user dll's ...
Registered in 0.000725 seconds.
Begin MonoManager ReloadAssembly
Symbol file LoadedFromMemory is not a mono symbol file
Native extension for WindowsStandalone target not found
Native extension for iOS target not found
Native extension for Android target not found
Native extension for OSXStandalone target not found
Native extension for WebGL target not found
Refreshing native plugins compatible for Editor in 0.37 ms, found 2 plugins.
Preloading 0 native plugins for Editor in 0.00 ms.
Mono: successfully reloaded assembly
- Completed reload, in  1.126 seconds
Domain Reload Profiling:
	ReloadAssembly (1127ms)
		BeginReloadAssembly (229ms)
			ExecutionOrderSort (0ms)
			DisableScriptedObjects (7ms)
			BackupInstance (0ms)
			ReleaseScriptingObjects (0ms)
			CreateAndSetChildDomain (133ms)
		EndReloadAssembly (783ms)
			LoadAssemblies (102ms)
			RebuildTransferFunctionScriptingTraits (0ms)
			SetupTypeCache (236ms)
			ReleaseScriptCaches (0ms)
			RebuildScriptCaches (60ms)
			SetupLoadedEditorAssemblies (334ms)
				LogAssemblyErrors (0ms)
				InitializePlatformSupportModulesInManaged (33ms)
				SetLoadedEditorAssemblies (1ms)
				RefreshPlugins (0ms)
				BeforeProcessingInitializeOnLoad (42ms)
				ProcessInitializeOnLoadAttributes (230ms)
				ProcessInitializeOnLoadMethodAttributes (26ms)
				AfterProcessingInitializeOnLoad (1ms)
				EditorAssembliesLoaded (0ms)
			ExecutionOrderSort2 (0ms)
			AwakeInstancesAfterBackupRestoration (4ms)
Platform modules already initialized, skipping
========================================================================
Worker process is ready to serve import requests
Launching external process: /Applications/Unity/Hub/Editor/2021.3.1f1/Unity.app/Contents/Tools/UnityShaderCompiler
Launched and connected shader compiler UnityShaderCompiler after 0.07 seconds
Refreshing native plugins compatible for Editor in 0.38 ms, found 2 plugins.
Preloading 0 native plugins for Editor in 0.00 ms.
Unloading 1629 Unused Serialized files (Serialized files now loaded: 0)
Unloading 16 unused Assets / (35.5 KB). Loaded Objects now: 2098.
Memory consumption went from 161.2 MB to 161.2 MB.
Total: 3.167988 ms (FindLiveObjects: 0.166406 ms CreateObjectMapping: 0.075568 ms MarkObjects: 2.841393 ms  DeleteObjects: 0.083701 ms)

AssetImportParameters requested are different than current active one (requested -> active):
  custom:video-decoder-ogg-theora: a1e56fd34408186e4bbccfd4996cb3dc -> 
  custom:container-muxer-webm: aa71ff27fc2769a1b78a27578f13a17b -> 
  custom:container-demuxer-webm: 4f35f7cbe854078d1ac9338744f61a02 -> 
  custom:video-encoder-webm-vp8: eb34c28f22e8b96e1ab97ce403110664 -> 
  custom:framework-osx-AVFoundation: e770b220cccbd017edd2c1fefb359320 -> 
  custom:audio-encoder-webm-vorbis: bf7c407c2cedff20999df2af8eb42d56 -> 
  custom:container-demuxer-ogg: 62fdf1f143b41e24485cea50d1cbac27 -> 
  custom:video-decoder-webm-vp8: 9c59270c3fd7afecdb556c50c9e8de78 -> 
  custom:audio-decoder-ogg-vorbis: bf7c407c2cedff20999df2af8eb42d56 -> 
========================================================================
Received Import Request.
  Time since last request: 112906.418954 seconds.
  path: Assets/Readme.md
  artifactKey: Guid(9efa69c8807b4cfca74d1d438c66f204) Importer(815301076,1909f56bfc062723c751e8b465ee728b)
Start importing Assets/Readme.md using Guid(9efa69c8807b4cfca74d1d438c66f204) Importer(815301076,1909f56bfc062723c751e8b465ee728b)  -> (artifact id: 'f133b57f1fcb3c0d5e1340ae451c1876') in 1.371936 seconds 
========================================================================
Received Import Request.
  Time since last request: 16.814643 seconds.
  path: Assets/Scenes
  artifactKey: Guid(ff8049d58491740ddbc5801309762fd0) Importer(815301076,1909f56bfc062723c751e8b465ee728b)
Start importing Assets/Scenes using Guid(ff8049d58491740ddbc5801309762fd0) Importer(815301076,1909f56bfc062723c751e8b465ee728b)  -> (artifact id: '2b88216705d3040f509fdb37e0ae060f') in 0.000906 seconds 
========================================================================
Received Import Request.
  Time since last request: 2.225057 seconds.
  path: Assets/Scenes/Menu.unity
  artifactKey: Guid(35c8d824c611a4807a5a109e1044dce2) Importer(815301076,1909f56bfc062723c751e8b465ee728b)
Start importing Assets/Scenes/Menu.unity using Guid(35c8d824c611a4807a5a109e1044dce2) Importer(815301076,1909f56bfc062723c751e8b465ee728b)  -> (artifact id: 'e79cb378ba1dd0718626cfeec257cc9b') in 0.000941 seconds 
========================================================================
Received Import Request.
  Time since last request: 15.248130 seconds.
  path: Assets/Scenes/Typed
  artifactKey: Guid(7dbb633a80c6347a8ae47134f8855506) Importer(815301076,1909f56bfc062723c751e8b465ee728b)
Start importing Assets/Scenes/Typed using Guid(7dbb633a80c6347a8ae47134f8855506) Importer(815301076,1909f56bfc062723c751e8b465ee728b)  -> (artifact id: '04fca30f6c3aeb2d3962e4409bf927eb') in 0.001089 seconds 
========================================================================
Received Import Request.
  Time since last request: 1.148660 seconds.
  path: Assets/Scenes/Typed/Menu.cs
  artifactKey: Guid(6b1792a5ae9af48a9b0b4016b092d6d3) Importer(815301076,1909f56bfc062723c751e8b465ee728b)
Start importing Assets/Scenes/Typed/Menu.cs using Guid(6b1792a5ae9af48a9b0b4016b092d6d3) Importer(815301076,1909f56bfc062723c751e8b465ee728b)  -> (artifact id: '82dd8dde38f0997085f9e8396546cf5c') in 0.279304 seconds 
========================================================================
Received Import Request.
  Time since last request: 10.683849 seconds.
  path: Assets/Scenes/Typed/Playground.cs
  artifactKey: Guid(34e7f93f60eef4d05a49e6703dff0fcb) Importer(815301076,1909f56bfc062723c751e8b465ee728b)
Start importing Assets/Scenes/Typed/Playground.cs using Guid(34e7f93f60eef4d05a49e6703dff0fcb) Importer(815301076,1909f56bfc062723c751e8b465ee728b)  -> (artifact id: '5e4f0d35905cf1a685bcb3e584e1e9e8') in 0.001912 seconds 
========================================================================
Received Import Request.
  Time since last request: 4.624401 seconds.
  path: Assets/Models
  artifactKey: Guid(02f66a432960e4bf881d8c39b5a57d89) Importer(815301076,1909f56bfc062723c751e8b465ee728b)
Start importing Assets/Models using Guid(02f66a432960e4bf881d8c39b5a57d89) Importer(815301076,1909f56bfc062723c751e8b465ee728b)  -> (artifact id: '80d914770502f685f8970b06268945bf') in 0.000821 seconds 
========================================================================
Received Import Request.
  Time since last request: 0.513595 seconds.
  path: Assets/Materials
  artifactKey: Guid(0c4e15dbe9d524c29b4dbd7fc3fc8cd7) Importer(815301076,1909f56bfc062723c751e8b465ee728b)
Start importing Assets/Materials using Guid(0c4e15dbe9d524c29b4dbd7fc3fc8cd7) Importer(815301076,1909f56bfc062723c751e8b465ee728b)  -> (artifact id: 'f52db019e7740ad21ec567ccabada005') in 0.001043 seconds 
========================================================================
Received Import Request.
  Time since last request: 0.067350 seconds.
  path: Assets/Materials/Floor (Stone).mat
  artifactKey: Guid(134d3a6bf833d43a09bfab3570c210d9) Importer(815301076,1909f56bfc062723c751e8b465ee728b)
Start importing Assets/Materials/Floor (Stone).mat using Guid(134d3a6bf833d43a09bfab3570c210d9) Importer(815301076,1909f56bfc062723c751e8b465ee728b)  -> (artifact id: '0993eaff103b43aa0f196941d2413931') in 0.891849 seconds 
========================================================================
Received Import Request.
  Time since last request: 7.963295 seconds.
  path: Assets/Materials/Highlighting
  artifactKey: Guid(457649afda3eb4c2cbccb5f5c506e16e) Importer(815301076,1909f56bfc062723c751e8b465ee728b)
Start importing Assets/Materials/Highlighting using Guid(457649afda3eb4c2cbccb5f5c506e16e) Importer(815301076,1909f56bfc062723c751e8b465ee728b)  -> (artifact id: 'ce65df9e1bdf16d5dad53a5430b8e630') in 0.001034 seconds 
========================================================================
Received Import Request.
  Time since last request: 0.053904 seconds.
  path: Assets/Materials/Highlighting/Allow.mat
  artifactKey: Guid(d55e8e8dd4c72470495f4dcffa3b76bd) Importer(815301076,1909f56bfc062723c751e8b465ee728b)
Start importing Assets/Materials/Highlighting/Allow.mat using Guid(d55e8e8dd4c72470495f4dcffa3b76bd) Importer(815301076,1909f56bfc062723c751e8b465ee728b)  -> (artifact id: '1696acb8079a4ba7d2f2c788b9428343') in 0.495492 seconds 
========================================================================
Received Import Request.
  Time since last request: 18.343862 seconds.
  path: Assets/Materials/Player
  artifactKey: Guid(5fa42da69c5564e1684322af21f0a07b) Importer(815301076,1909f56bfc062723c751e8b465ee728b)
Start importing Assets/Materials/Player using Guid(5fa42da69c5564e1684322af21f0a07b) Importer(815301076,1909f56bfc062723c751e8b465ee728b)  -> (artifact id: '376bfce49578fed0da1a7069e5b8648a') in 0.001046 seconds 
========================================================================
Received Import Request.
  Time since last request: 0.086986 seconds.
  path: Assets/Materials/Player/Body.mat
  artifactKey: Guid(28d35d222324f4239b14e97e366927d1) Importer(815301076,1909f56bfc062723c751e8b465ee728b)
Start importing Assets/Materials/Player/Body.mat using Guid(28d35d222324f4239b14e97e366927d1) Importer(815301076,1909f56bfc062723c751e8b465ee728b)  -> (artifact id: '3785eeafef0493e922c6aa69ba67d923') in 0.382739 seconds 
========================================================================
Received Import Request.
  Time since last request: 3.905923 seconds.
  path: Assets/Materials/Skybox
  artifactKey: Guid(749e2927c5aeb489483a74f81f287f98) Importer(815301076,1909f56bfc062723c751e8b465ee728b)
Start importing Assets/Materials/Skybox using Guid(749e2927c5aeb489483a74f81f287f98) Importer(815301076,1909f56bfc062723c751e8b465ee728b)  -> (artifact id: 'fbd1203e363dea5ca83dd935404f9ef9') in 0.001028 seconds 
========================================================================
Received Import Request.
  Time since last request: 0.054084 seconds.
  path: Assets/Materials/Skybox/Skybox.mat
  artifactKey: Guid(e1ec0e2320d2d4fb9a393769378ce0a1) Importer(815301076,1909f56bfc062723c751e8b465ee728b)
Start importing Assets/Materials/Skybox/Skybox.mat using Guid(e1ec0e2320d2d4fb9a393769378ce0a1) Importer(815301076,1909f56bfc062723c751e8b465ee728b)  -> (artifact id: '456820e38a93b87a549ecb703e417bf7') in 0.102782 seconds 
========================================================================
Received Import Request.
  Time since last request: 1.868084 seconds.
  path: Assets/Materials/Colors
  artifactKey: Guid(a3ae0c857ee5d4694b38da31e4bcfef1) Importer(815301076,1909f56bfc062723c751e8b465ee728b)
Start importing Assets/Materials/Colors using Guid(a3ae0c857ee5d4694b38da31e4bcfef1) Importer(815301076,1909f56bfc062723c751e8b465ee728b)  -> (artifact id: '2ac6a3ca16a4fd8b1d66b1e9ae4b4e12') in 0.001050 seconds 
========================================================================
Received Import Request.
  Time since last request: 0.288989 seconds.
  path: Assets/Materials/Colors/Black.mat
  artifactKey: Guid(add1aebb57f08440e9bf39f64dcdfd64) Importer(815301076,1909f56bfc062723c751e8b465ee728b)
Start importing Assets/Materials/Colors/Black.mat using Guid(add1aebb57f08440e9bf39f64dcdfd64) Importer(815301076,1909f56bfc062723c751e8b465ee728b)  -> (artifact id: '8c0b26b914d395e0032aedb295fa424e') in 0.508607 seconds 
========================================================================
Received Import Request.
  Time since last request: 0.000074 seconds.
  path: Assets/Materials/Colors/Yellow 3.mat
  artifactKey: Guid(b741e2ac1d5294332836c62bfd14f15f) Importer(815301076,1909f56bfc062723c751e8b465ee728b)
Start importing Assets/Materials/Colors/Yellow 3.mat using Guid(b741e2ac1d5294332836c62bfd14f15f) Importer(815301076,1909f56bfc062723c751e8b465ee728b)  -> (artifact id: '08cc7fcc9400a2af06e726958324538f') in 0.018894 seconds 
========================================================================
Received Import Request.
  Time since last request: 0.000117 seconds.
  path: Assets/Materials/Colors/Grey.mat
  artifactKey: Guid(16c61289712c94186a28241067391d2c) Importer(815301076,1909f56bfc062723c751e8b465ee728b)
Start importing Assets/Materials/Colors/Grey.mat using Guid(16c61289712c94186a28241067391d2c) Importer(815301076,1909f56bfc062723c751e8b465ee728b)  -> (artifact id: '6d04d67f0d98c7c013053b6d3f3959b4') in 0.025548 seconds 
========================================================================
Received Import Request.
  Time since last request: 0.000130 seconds.
  path: Assets/Materials/Colors/Blue 2.mat
  artifactKey: Guid(a1efdb30dfbcd4c65bdfcea3276dba46) Importer(815301076,1909f56bfc062723c751e8b465ee728b)
Start importing Assets/Materials/Colors/Blue 2.mat using Guid(a1efdb30dfbcd4c65bdfcea3276dba46) Importer(815301076,1909f56bfc062723c751e8b465ee728b)  -> (artifact id: '33d84f67ae225f4c48e4c9a213b4aaff') in 0.020722 seconds 
========================================================================
Received Import Request.
  Time since last request: 0.000102 seconds.
  path: Assets/Materials/Colors/Red 3.mat
  artifactKey: Guid(8eafe9ad4aee9413abe81e4bcd2f1f67) Importer(815301076,1909f56bfc062723c751e8b465ee728b)
Start importing Assets/Materials/Colors/Red 3.mat using Guid(8eafe9ad4aee9413abe81e4bcd2f1f67) Importer(815301076,1909f56bfc062723c751e8b465ee728b)  -> (artifact id: '784d71054803d415cc74d33f774ddc75') in 0.020975 seconds 
========================================================================
Received Import Request.
  Time since last request: 0.000106 seconds.
  path: Assets/Materials/Colors/Green 3.mat
  artifactKey: Guid(eb2c6ab00632246b890d87b5e9f30d65) Importer(815301076,1909f56bfc062723c751e8b465ee728b)
Start importing Assets/Materials/Colors/Green 3.mat using Guid(eb2c6ab00632246b890d87b5e9f30d65) Importer(815301076,1909f56bfc062723c751e8b465ee728b)  -> (artifact id: '1c3d7fd3510e0523085cf0322b0faacb') in 0.018248 seconds 
========================================================================
Received Import Request.
  Time since last request: 0.000077 seconds.
  path: Assets/Materials/Colors/Purple 1.mat
  artifactKey: Guid(13cdd3e71bf574e379f8ede69dce390f) Importer(815301076,1909f56bfc062723c751e8b465ee728b)
Start importing Assets/Materials/Colors/Purple 1.mat using Guid(13cdd3e71bf574e379f8ede69dce390f) Importer(815301076,1909f56bfc062723c751e8b465ee728b)  -> (artifact id: '36058517f0d85287684332c22ab71668') in 0.024841 seconds 
========================================================================
Received Import Request.
  Time since last request: 0.000098 seconds.
  path: Assets/Materials/Colors/Yellow 2.mat
  artifactKey: Guid(caf75af4caa884b59a1a0ee5d0c0cfe9) Importer(815301076,1909f56bfc062723c751e8b465ee728b)
Start importing Assets/Materials/Colors/Yellow 2.mat using Guid(caf75af4caa884b59a1a0ee5d0c0cfe9) Importer(815301076,1909f56bfc062723c751e8b465ee728b)  -> (artifact id: '656c73eb195e1d8b923b2fcd0bfb3831') in 0.022946 seconds 
========================================================================
Received Import Request.
  Time since last request: 0.000078 seconds.
  path: Assets/Materials/Colors/Blue 3.mat
  artifactKey: Guid(a0c49ddda22af4acfb7485de06c9d260) Importer(815301076,1909f56bfc062723c751e8b465ee728b)
Start importing Assets/Materials/Colors/Blue 3.mat using Guid(a0c49ddda22af4acfb7485de06c9d260) Importer(815301076,1909f56bfc062723c751e8b465ee728b)  -> (artifact id: '0a9b6431eac1e2470d4a306786bc53b3') in 0.018237 seconds 
========================================================================
Received Import Request.
  Time since last request: 0.000082 seconds.
  path: Assets/Materials/Colors/Brown 2.mat
  artifactKey: Guid(6bbdcc5fac46c4ddcb00dce9e3684017) Importer(815301076,1909f56bfc062723c751e8b465ee728b)
Start importing Assets/Materials/Colors/Brown 2.mat using Guid(6bbdcc5fac46c4ddcb00dce9e3684017) Importer(815301076,1909f56bfc062723c751e8b465ee728b)  -> (artifact id: '4e96bfb778f56ad2c6687ee9004449bf') in 0.020374 seconds 
========================================================================
Received Import Request.
  Time since last request: 17.906500 seconds.
  path: Assets/Textures/Plastic/sccnbdnp_2K_Albedo.jpg
  artifactKey: Guid(ca3256786e5de44b0be0feb790b43e70) Importer(815301076,1909f56bfc062723c751e8b465ee728b)
Start importing Assets/Textures/Plastic/sccnbdnp_2K_Albedo.jpg using Guid(ca3256786e5de44b0be0feb790b43e70) Importer(815301076,1909f56bfc062723c751e8b465ee728b)  -> (artifact id: '9537983563db4a05df569fb64703143b') in 1.660944 seconds 
========================================================================
Received Import Request.
  Time since last request: 0.000103 seconds.
  path: Assets/Textures/Plastic/sccnbdnp_2K_Displacement.jpg
  artifactKey: Guid(1893df7c267fe443296d91c3464f1e43) Importer(815301076,1909f56bfc062723c751e8b465ee728b)
Start importing Assets/Textures/Plastic/sccnbdnp_2K_Displacement.jpg using Guid(1893df7c267fe443296d91c3464f1e43) Importer(815301076,1909f56bfc062723c751e8b465ee728b)  -> (artifact id: '891d5e8c4e5a8039fe69635dc9c76ca8') in 0.024570 seconds 
========================================================================
Received Import Request.
  Time since last request: 0.000134 seconds.
  path: Assets/Textures/Plastic/sccnbdnp_2K_Roughness.jpg
  artifactKey: Guid(9917d56189e2347bc84b1e707381d1a4) Importer(815301076,1909f56bfc062723c751e8b465ee728b)
Start importing Assets/Textures/Plastic/sccnbdnp_2K_Roughness.jpg using Guid(9917d56189e2347bc84b1e707381d1a4) Importer(815301076,1909f56bfc062723c751e8b465ee728b)  -> (artifact id: '20fa95be831710e449b15e72f85a9699') in 0.017637 seconds 
========================================================================
Received Import Request.
  Time since last request: 13.018304 seconds.
  path: Assets/Textures/Plastic/sccnbdnp_2K_Albedo.jpg
  artifactKey: Guid(ca3256786e5de44b0be0feb790b43e70) Importer(815301076,1909f56bfc062723c751e8b465ee728b)
Start importing Assets/Textures/Plastic/sccnbdnp_2K_Albedo.jpg using Guid(ca3256786e5de44b0be0feb790b43e70) Importer(815301076,1909f56bfc062723c751e8b465ee728b)  -> (artifact id: '9b2bf3ec59ab994bd42567299ab07ea3') in 0.016223 seconds 
========================================================================
Received Import Request.
  Time since last request: 0.000152 seconds.
  path: Assets/Textures/Plastic/sccnbdnp_2K_Roughness.jpg
  artifactKey: Guid(9917d56189e2347bc84b1e707381d1a4) Importer(815301076,1909f56bfc062723c751e8b465ee728b)
Start importing Assets/Textures/Plastic/sccnbdnp_2K_Roughness.jpg using Guid(9917d56189e2347bc84b1e707381d1a4) Importer(815301076,1909f56bfc062723c751e8b465ee728b)  -> (artifact id: '26be0827cf8bc09ba8276a88a3723a92') in 0.016779 seconds 
========================================================================
Received Import Request.
  Time since last request: 2.669136 seconds.
  path: Assets/Textures/Floor/TexturesCom_Pavement_PaintedConcrete8_512_ao.tif
  artifactKey: Guid(8a7173a96fa1d424e8ed1752d83f3ab7) Importer(815301076,1909f56bfc062723c751e8b465ee728b)
Start importing Assets/Textures/Floor/TexturesCom_Pavement_PaintedConcrete8_512_ao.tif using Guid(8a7173a96fa1d424e8ed1752d83f3ab7) Importer(815301076,1909f56bfc062723c751e8b465ee728b)  -> (artifact id: '8e85def745b86ab8d21d53a9b18ec471') in 1.222610 seconds 
========================================================================
Received Import Request.
  Time since last request: 0.000110 seconds.
  path: Assets/Textures/Floor/TexturesCom_Pavement_PaintedConcrete8_512_normal.tif
  artifactKey: Guid(b7f433cb78f284fb2b734ffdb7282141) Importer(815301076,1909f56bfc062723c751e8b465ee728b)
Start importing Assets/Textures/Floor/TexturesCom_Pavement_PaintedConcrete8_512_normal.tif using Guid(b7f433cb78f284fb2b734ffdb7282141) Importer(815301076,1909f56bfc062723c751e8b465ee728b)  -> (artifact id: '308d785bc7901a929d65ccd0efb7d22b') in 0.089232 seconds 
========================================================================
Received Import Request.
  Time since last request: 6.077664 seconds.
  path: Assets/Textures/Floor/TexturesCom_Pavement_PaintedConcrete8_512_ao.tif
  artifactKey: Guid(8a7173a96fa1d424e8ed1752d83f3ab7) Importer(815301076,1909f56bfc062723c751e8b465ee728b)
Start importing Assets/Textures/Floor/TexturesCom_Pavement_PaintedConcrete8_512_ao.tif using Guid(8a7173a96fa1d424e8ed1752d83f3ab7) Importer(815301076,1909f56bfc062723c751e8b465ee728b)  -> (artifact id: '5e8c6f59dfb6a3f765119809f36ecf2d') in 0.018649 seconds 
========================================================================
Received Import Request.
  Time since last request: 0.000061 seconds.
  path: Assets/Textures/Floor/TexturesCom_Pavement_PaintedConcrete8_512_roughness.tif
  artifactKey: Guid(2b8df3bc9982a431a879a1b099143e14) Importer(815301076,1909f56bfc062723c751e8b465ee728b)
Start importing Assets/Textures/Floor/TexturesCom_Pavement_PaintedConcrete8_512_roughness.tif using Guid(2b8df3bc9982a431a879a1b099143e14) Importer(815301076,1909f56bfc062723c751e8b465ee728b)  -> (artifact id: '3d868f3adecde008f3973091a7d4ad57') in 0.017058 seconds 
========================================================================
Received Import Request.
  Time since last request: 5.874358 seconds.
  path: Assets/UI/Sprites/Other/Loading.png
  artifactKey: Guid(97609ff24e137407eb6626977d8e27e3) Importer(815301076,1909f56bfc062723c751e8b465ee728b)
Start importing Assets/UI/Sprites/Other/Loading.png using Guid(97609ff24e137407eb6626977d8e27e3) Importer(815301076,1909f56bfc062723c751e8b465ee728b)  -> (artifact id: 'c046be43726e7ab75f37f07cd7100818') in 0.392856 seconds 
========================================================================
Received Import Request.
  Time since last request: 7.698492 seconds.
  path: Assets/UI/Sprites/Other/Loading.png
  artifactKey: Guid(97609ff24e137407eb6626977d8e27e3) Importer(815301076,1909f56bfc062723c751e8b465ee728b)
Start importing Assets/UI/Sprites/Other/Loading.png using Guid(97609ff24e137407eb6626977d8e27e3) Importer(815301076,1909f56bfc062723c751e8b465ee728b)  -> (artifact id: 'd1b7d36537fc118b50fa7a1f945f5746') in 0.255760 seconds 
========================================================================
Received Import Request.
  Time since last request: 2.118620 seconds.
  path: Assets/UI/Sprites/Icons/Close.png
  artifactKey: Guid(868a63c97ef174c9c98ca670a892f499) Importer(815301076,1909f56bfc062723c751e8b465ee728b)
Start importing Assets/UI/Sprites/Icons/Close.png using Guid(868a63c97ef174c9c98ca670a892f499) Importer(815301076,1909f56bfc062723c751e8b465ee728b)  -> (artifact id: 'c3f91b174cb1177794cc4f74855632c7') in 0.017267 seconds 
========================================================================
Received Import Request.
  Time since last request: 6.299768 seconds.
  path: Assets/UI/Sprites/Icons/Close.png
  artifactKey: Guid(868a63c97ef174c9c98ca670a892f499) Importer(815301076,1909f56bfc062723c751e8b465ee728b)
Start importing Assets/UI/Sprites/Icons/Close.png using Guid(868a63c97ef174c9c98ca670a892f499) Importer(815301076,1909f56bfc062723c751e8b465ee728b)  -> (artifact id: '4529bd3cb65b0d8a9f77b7e91c77cf44') in 0.038677 seconds 
========================================================================
Received Import Request.
  Time since last request: 0.000086 seconds.
  path: Assets/UI/Sprites/Icons/Trash.png
  artifactKey: Guid(1d63c7c614fd54f4badaa4c2fb127020) Importer(815301076,1909f56bfc062723c751e8b465ee728b)
Start importing Assets/UI/Sprites/Icons/Trash.png using Guid(1d63c7c614fd54f4badaa4c2fb127020) Importer(815301076,1909f56bfc062723c751e8b465ee728b)  -> (artifact id: 'a47d0f03dc21c5d7997cd920271ced61') in 0.015453 seconds 
========================================================================
Received Import Request.
  Time since last request: 2.134570 seconds.
  path: Assets/UI/Sprites/Blocks/Bavel 2.png
  artifactKey: Guid(02739e2b80ec74904a99d637a59376b4) Importer(815301076,1909f56bfc062723c751e8b465ee728b)
Start importing Assets/UI/Sprites/Blocks/Bavel 2.png using Guid(02739e2b80ec74904a99d637a59376b4) Importer(815301076,1909f56bfc062723c751e8b465ee728b)  -> (artifact id: 'b69b2602e484c5d5cfeac652735d6b38') in 0.079737 seconds 
========================================================================
Received Import Request.
  Time since last request: 0.000088 seconds.
  path: Assets/UI/Sprites/Blocks/Block 3x5.png
  artifactKey: Guid(6a45541df53fc43fba67eaa03f6704d4) Importer(815301076,1909f56bfc062723c751e8b465ee728b)
Start importing Assets/UI/Sprites/Blocks/Block 3x5.png using Guid(6a45541df53fc43fba67eaa03f6704d4) Importer(815301076,1909f56bfc062723c751e8b465ee728b)  -> (artifact id: '8a9cdd4fe578dfce3281900a1d8bcbf9') in 0.088863 seconds 
========================================================================
Received Import Request.
  Time since last request: 0.000123 seconds.
  path: Assets/UI/Sprites/Blocks/Block 2x5.png
  artifactKey: Guid(14aa3deced61048e3a61731e9ff903f5) Importer(815301076,1909f56bfc062723c751e8b465ee728b)
Start importing Assets/UI/Sprites/Blocks/Block 2x5.png using Guid(14aa3deced61048e3a61731e9ff903f5) Importer(815301076,1909f56bfc062723c751e8b465ee728b)  -> (artifact id: 'fa4afc5cde3b069c8f84a39ce4b7316d') in 0.094254 seconds 
========================================================================
Received Import Request.
  Time since last request: 0.000079 seconds.
  path: Assets/UI/Sprites/Blocks/Block 1x4.png
  artifactKey: Guid(eab1f0033ff5144669d8b2fb3d450144) Importer(815301076,1909f56bfc062723c751e8b465ee728b)
Start importing Assets/UI/Sprites/Blocks/Block 1x4.png using Guid(eab1f0033ff5144669d8b2fb3d450144) Importer(815301076,1909f56bfc062723c751e8b465ee728b)  -> (artifact id: 'c76d574d7995c3d096325bc99498d9c0') in 0.091704 seconds 
========================================================================
Received Import Request.
  Time since last request: 0.000065 seconds.
  path: Assets/UI/Sprites/Blocks/Block 4x5.png
  artifactKey: Guid(569947a22976b4634be5e053f2b44c08) Importer(815301076,1909f56bfc062723c751e8b465ee728b)
Start importing Assets/UI/Sprites/Blocks/Block 4x5.png using Guid(569947a22976b4634be5e053f2b44c08) Importer(815301076,1909f56bfc062723c751e8b465ee728b)  -> (artifact id: '6fd5c044c6f2e50186ff66ab56d9d415') in 0.105848 seconds 
========================================================================
Received Import Request.
  Time since last request: 0.000113 seconds.
  path: Assets/UI/Sprites/Blocks/Bavel 4.png
  artifactKey: Guid(d56d6694e887e408a881cfc12f10e19f) Importer(815301076,1909f56bfc062723c751e8b465ee728b)
Start importing Assets/UI/Sprites/Blocks/Bavel 4.png using Guid(d56d6694e887e408a881cfc12f10e19f) Importer(815301076,1909f56bfc062723c751e8b465ee728b)  -> (artifact id: '62b00f88716fb375e1b923aa1486d161') in 0.083775 seconds 
========================================================================
Received Import Request.
  Time since last request: 7.192237 seconds.
  path: Assets/UI/Sprites/Blocks/Bavel 2.png
  artifactKey: Guid(02739e2b80ec74904a99d637a59376b4) Importer(815301076,1909f56bfc062723c751e8b465ee728b)
Start importing Assets/UI/Sprites/Blocks/Bavel 2.png using Guid(02739e2b80ec74904a99d637a59376b4) Importer(815301076,1909f56bfc062723c751e8b465ee728b)  -> (artifact id: '75679ba4f79065a6212298aa061d76f5') in 0.086591 seconds 
========================================================================
Received Import Request.
  Time since last request: 0.000075 seconds.
  path: Assets/UI/Sprites/Blocks/Block 2x2.png
  artifactKey: Guid(eeeffe76a47e04a42ae2fefbf27dae66) Importer(815301076,1909f56bfc062723c751e8b465ee728b)
Start importing Assets/UI/Sprites/Blocks/Block 2x2.png using Guid(eeeffe76a47e04a42ae2fefbf27dae66) Importer(815301076,1909f56bfc062723c751e8b465ee728b)  -> (artifact id: 'b1fc9f8ba6a4aba9f576ae733992b1aa') in 0.088700 seconds 
========================================================================
Received Import Request.
  Time since last request: 0.000111 seconds.
  path: Assets/UI/Sprites/Blocks/Block 2x4.png
  artifactKey: Guid(04170d8441c064bd8a947b5df44d46ba) Importer(815301076,1909f56bfc062723c751e8b465ee728b)
Start importing Assets/UI/Sprites/Blocks/Block 2x4.png using Guid(04170d8441c064bd8a947b5df44d46ba) Importer(815301076,1909f56bfc062723c751e8b465ee728b)  -> (artifact id: '9bac21f35669bb0f814cd43c54848623') in 0.083682 seconds 
========================================================================
Received Import Request.
  Time since last request: 0.000083 seconds.
  path: Assets/UI/Sprites/Blocks/Block 1x5.png
  artifactKey: Guid(9ca6730f4a00e4e31a70e12cffe7357b) Importer(815301076,1909f56bfc062723c751e8b465ee728b)
Start importing Assets/UI/Sprites/Blocks/Block 1x5.png using Guid(9ca6730f4a00e4e31a70e12cffe7357b) Importer(815301076,1909f56bfc062723c751e8b465ee728b)  -> (artifact id: '7b388831a64f9620ca54c2e4f41ea6b5') in 0.069401 seconds 
========================================================================
Received Import Request.
  Time since last request: 0.000078 seconds.
  path: Assets/UI/Sprites/Blocks/Block 4x5.png
  artifactKey: Guid(569947a22976b4634be5e053f2b44c08) Importer(815301076,1909f56bfc062723c751e8b465ee728b)
Start importing Assets/UI/Sprites/Blocks/Block 4x5.png using Guid(569947a22976b4634be5e053f2b44c08) Importer(815301076,1909f56bfc062723c751e8b465ee728b)  -> (artifact id: 'bcba63ec4e99b8b492aacbfd0c3b5c4b') in 0.081911 seconds 
========================================================================
Received Import Request.
  Time since last request: 0.000085 seconds.
  path: Assets/UI/Sprites/Blocks/Bavel 4.png
  artifactKey: Guid(d56d6694e887e408a881cfc12f10e19f) Importer(815301076,1909f56bfc062723c751e8b465ee728b)
Start importing Assets/UI/Sprites/Blocks/Bavel 4.png using Guid(d56d6694e887e408a881cfc12f10e19f) Importer(815301076,1909f56bfc062723c751e8b465ee728b)  -> (artifact id: '801d3baff386d439934d58ac4ed21e1a') in 0.080551 seconds 
========================================================================
Received Prepare
Registering precompiled user dll's ...
Registered in 0.001058 seconds.
Begin MonoManager ReloadAssembly
Symbol file LoadedFromMemory is not a mono symbol file
Native extension for WindowsStandalone target not found
Native extension for iOS target not found
Native extension for Android target not found
Native extension for OSXStandalone target not found
Native extension for WebGL target not found
Refreshing native plugins compatible for Editor in 0.31 ms, found 2 plugins.
Preloading 0 native plugins for Editor in 0.00 ms.
Mono: successfully reloaded assembly
- Completed reload, in  0.981 seconds
Domain Reload Profiling:
	ReloadAssembly (981ms)
		BeginReloadAssembly (126ms)
			ExecutionOrderSort (0ms)
			DisableScriptedObjects (5ms)
			BackupInstance (0ms)
			ReleaseScriptingObjects (0ms)
			CreateAndSetChildDomain (41ms)
		EndReloadAssembly (748ms)
			LoadAssemblies (84ms)
			RebuildTransferFunctionScriptingTraits (0ms)
			SetupTypeCache (222ms)
			ReleaseScriptCaches (1ms)
			RebuildScriptCaches (49ms)
			SetupLoadedEditorAssemblies (338ms)
				LogAssemblyErrors (0ms)
				InitializePlatformSupportModulesInManaged (37ms)
				SetLoadedEditorAssemblies (1ms)
				RefreshPlugins (0ms)
				BeforeProcessingInitializeOnLoad (41ms)
				ProcessInitializeOnLoadAttributes (229ms)
				ProcessInitializeOnLoadMethodAttributes (28ms)
				AfterProcessingInitializeOnLoad (1ms)
				EditorAssembliesLoaded (0ms)
			ExecutionOrderSort2 (0ms)
			AwakeInstancesAfterBackupRestoration (5ms)
Platform modules already initialized, skipping
Refreshing native plugins compatible for Editor in 0.87 ms, found 2 plugins.
Preloading 0 native plugins for Editor in 0.00 ms.
Unloading 1610 Unused Serialized files (Serialized files now loaded: 0)
Unloading 9 unused Assets / (21.9 KB). Loaded Objects now: 2152.
Memory consumption went from 191.7 MB to 191.7 MB.
Total: 3.175829 ms (FindLiveObjects: 0.175370 ms CreateObjectMapping: 0.113253 ms MarkObjects: 2.871183 ms  DeleteObjects: 0.014679 ms)

AssetImportParameters requested are different than current active one (requested -> active):
  custom:video-decoder-ogg-theora: a1e56fd34408186e4bbccfd4996cb3dc -> 
  custom:container-muxer-webm: aa71ff27fc2769a1b78a27578f13a17b -> 
  custom:container-demuxer-webm: 4f35f7cbe854078d1ac9338744f61a02 -> 
  custom:video-encoder-webm-vp8: eb34c28f22e8b96e1ab97ce403110664 -> 
  custom:framework-osx-AVFoundation: e770b220cccbd017edd2c1fefb359320 -> 
  custom:audio-encoder-webm-vorbis: bf7c407c2cedff20999df2af8eb42d56 -> 
  custom:container-demuxer-ogg: 62fdf1f143b41e24485cea50d1cbac27 -> 
  custom:video-decoder-webm-vp8: 9c59270c3fd7afecdb556c50c9e8de78 -> 
  custom:audio-decoder-ogg-vorbis: bf7c407c2cedff20999df2af8eb42d56 -> 
Editor requested this worker to shutdown with reason: Scaling down because of idle timeout
AssetImportWorker is now disconnected from the server
Process exiting
